Compiling the C compiler identification source file "CMakeCCompilerId.c" failed.
Compiler: clang 
Build flags: 
Id flags:  

The output was:
No such file or directory


Compiling the C compiler identification source file "CMakeCCompilerId.c" failed.
Compiler: clang 
Build flags: 
Id flags: -c 

The output was:
No such file or directory


Compiling the C compiler identification source file "CMakeCCompilerId.c" failed.
Compiler: clang 
Build flags: 
Id flags: -Aa 

The output was:
No such file or directory


Compiling the C compiler identification source file "CMakeCCompilerId.c" failed.
Compiler: clang 
Build flags: 
Id flags: -D__CLASSIC_C__ 

The output was:
No such file or directory


Compiling the C compiler identification source file "CMakeCCompilerId.c" failed.
Compiler: clang 
Build flags: 
Id flags: --target=arm-arm-none-eabi;-mcpu=cortex-m3 

The output was:
No such file or directory


Compiling the C compiler identification source file "CMakeCCompilerId.c" failed.
Compiler: clang 
Build flags: 
Id flags:  

The output was:
No such file or directory


Compiling the C compiler identification source file "CMakeCCompilerId.c" failed.
Compiler: clang 
Build flags: 
Id flags: -c 

The output was:
No such file or directory


Compiling the C compiler identification source file "CMakeCCompilerId.c" failed.
Compiler: clang 
Build flags: 
Id flags: -Aa 

The output was:
No such file or directory


Compiling the C compiler identification source file "CMakeCCompilerId.c" failed.
Compiler: clang 
Build flags: 
Id flags: -D__CLASSIC_C__ 

The output was:
No such file or directory


Compiling the C compiler identification source file "CMakeCCompilerId.c" failed.
Compiler: clang 
Build flags: 
Id flags: --target=arm-arm-none-eabi;-mcpu=cortex-m3 

The output was:
No such file or directory


Checking whether the C compiler is IAR using "" did not match "IAR .+ Compiler":
Checking whether the C compiler is IAR using "" did not match "IAR .+ Compiler":
Compiling the CXX compiler identification source file "CMakeCXXCompilerId.cpp" failed.
Compiler: clang++ 
Build flags: 
Id flags:  

The output was:
No such file or directory


Compiling the CXX compiler identification source file "CMakeCXXCompilerId.cpp" failed.
Compiler: clang++ 
Build flags: 
Id flags: -c 

The output was:
No such file or directory


Compiling the CXX compiler identification source file "CMakeCXXCompilerId.cpp" failed.
Compiler: clang++ 
Build flags: 
Id flags: --c++ 

The output was:
No such file or directory


Compiling the CXX compiler identification source file "CMakeCXXCompilerId.cpp" failed.
Compiler: clang++ 
Build flags: 
Id flags: --ec++ 

The output was:
No such file or directory


Compiling the CXX compiler identification source file "CMakeCXXCompilerId.cpp" failed.
Compiler: clang++ 
Build flags: 
Id flags: --target=arm-arm-none-eabi;-mcpu=cortex-m3 

The output was:
No such file or directory


Compiling the CXX compiler identification source file "CMakeCXXCompilerId.cpp" failed.
Compiler: clang++ 
Build flags: 
Id flags:  

The output was:
No such file or directory


Compiling the CXX compiler identification source file "CMakeCXXCompilerId.cpp" failed.
Compiler: clang++ 
Build flags: 
Id flags: -c 

The output was:
No such file or directory


Compiling the CXX compiler identification source file "CMakeCXXCompilerId.cpp" failed.
Compiler: clang++ 
Build flags: 
Id flags: --c++ 

The output was:
No such file or directory


Compiling the CXX compiler identification source file "CMakeCXXCompilerId.cpp" failed.
Compiler: clang++ 
Build flags: 
Id flags: --ec++ 

The output was:
No such file or directory


Compiling the CXX compiler identification source file "CMakeCXXCompilerId.cpp" failed.
Compiler: clang++ 
Build flags: 
Id flags: --target=arm-arm-none-eabi;-mcpu=cortex-m3 

The output was:
No such file or directory


Checking whether the CXX compiler is IAR using "" did not match "IAR .+ Compiler":
Checking whether the CXX compiler is IAR using "" did not match "IAR .+ Compiler":
Performing C SOURCE FILE Test CMAKE_HAVE_LIBC_PTHREAD failed with the following output:
Change Dir: /home/ubuntu/Ludo/release/CMakeFiles/CMakeTmp

Run Build Command(s):/usr/bin/make cmTC_5b1e8/fast && /usr/bin/make -f CMakeFiles/cmTC_5b1e8.dir/build.make CMakeFiles/cmTC_5b1e8.dir/build
make[1]: Entering directory '/home/ubuntu/Ludo/release/CMakeFiles/CMakeTmp'
Building C object CMakeFiles/cmTC_5b1e8.dir/src.c.o
/usr/bin/clang   -march=native -mavx -maes -Ofast -DNDEBUG -DCMAKE_HAVE_LIBC_PTHREAD   -o CMakeFiles/cmTC_5b1e8.dir/src.c.o   -c /home/ubuntu/Ludo/release/CMakeFiles/CMakeTmp/src.c
Linking C executable cmTC_5b1e8
/usr/bin/cmake -E cmake_link_script CMakeFiles/cmTC_5b1e8.dir/link.txt --verbose=1
/usr/bin/clang  -march=native -mavx -maes -Ofast -DNDEBUG -DCMAKE_HAVE_LIBC_PTHREAD    CMakeFiles/cmTC_5b1e8.dir/src.c.o  -o cmTC_5b1e8 
/usr/bin/ld: CMakeFiles/cmTC_5b1e8.dir/src.c.o: in function `main':
src.c:(.text+0x1e): undefined reference to `pthread_create'
/usr/bin/ld: src.c:(.text+0x27): undefined reference to `pthread_detach'
/usr/bin/ld: src.c:(.text+0x32): undefined reference to `pthread_join'
clang: error: linker command failed with exit code 1 (use -v to see invocation)
make[1]: *** [CMakeFiles/cmTC_5b1e8.dir/build.make:87: cmTC_5b1e8] Error 1
make[1]: Leaving directory '/home/ubuntu/Ludo/release/CMakeFiles/CMakeTmp'
make: *** [Makefile:121: cmTC_5b1e8/fast] Error 2


Source file was:
#include <pthread.h>

void* test_func(void* data)
{
  return data;
}

int main(void)
{
  pthread_t thread;
  pthread_create(&thread, NULL, test_func, NULL);
  pthread_detach(thread);
  pthread_join(thread, NULL);
  pthread_atfork(NULL, NULL, NULL);
  pthread_exit(NULL);

  return 0;
}

Performing C SOURCE FILE Test CMAKE_HAVE_LIBC_PTHREAD failed with the following output:
Change Dir: /home/ubuntu/Ludo/release/CMakeFiles/CMakeTmp

Run Build Command(s):/usr/bin/make cmTC_df5d3/fast && /usr/bin/make -f CMakeFiles/cmTC_df5d3.dir/build.make CMakeFiles/cmTC_df5d3.dir/build
make[1]: Entering directory '/home/ubuntu/Ludo/release/CMakeFiles/CMakeTmp'
Building C object CMakeFiles/cmTC_df5d3.dir/src.c.o
/usr/bin/clang   -march=native -mavx -maes -Ofast -DNDEBUG -DCMAKE_HAVE_LIBC_PTHREAD   -o CMakeFiles/cmTC_df5d3.dir/src.c.o   -c /home/ubuntu/Ludo/release/CMakeFiles/CMakeTmp/src.c
Linking C executable cmTC_df5d3
/usr/bin/cmake -E cmake_link_script CMakeFiles/cmTC_df5d3.dir/link.txt --verbose=1
/usr/bin/clang  -march=native -mavx -maes -Ofast -DNDEBUG -DCMAKE_HAVE_LIBC_PTHREAD    CMakeFiles/cmTC_df5d3.dir/src.c.o  -o cmTC_df5d3 
/usr/bin/ld: CMakeFiles/cmTC_df5d3.dir/src.c.o: in function `main':
src.c:(.text+0x1e): undefined reference to `pthread_create'
/usr/bin/ld: src.c:(.text+0x27): undefined reference to `pthread_detach'
/usr/bin/ld: src.c:(.text+0x32): undefined reference to `pthread_join'
clang: error: linker command failed with exit code 1 (use -v to see invocation)
make[1]: *** [CMakeFiles/cmTC_df5d3.dir/build.make:87: cmTC_df5d3] Error 1
make[1]: Leaving directory '/home/ubuntu/Ludo/release/CMakeFiles/CMakeTmp'
make: *** [Makefile:121: cmTC_df5d3/fast] Error 2


Source file was:
#include <pthread.h>

void* test_func(void* data)
{
  return data;
}

int main(void)
{
  pthread_t thread;
  pthread_create(&thread, NULL, test_func, NULL);
  pthread_detach(thread);
  pthread_join(thread, NULL);
  pthread_atfork(NULL, NULL, NULL);
  pthread_exit(NULL);

  return 0;
}

